eashHome/proguard.cfg
-optimizationpasses 5
-dontusemixedcaseclassnames
-dontskipnonpubliclibraryclasses
-dontpreverify
-verbose
-optimizations !code/simplification/arithmetic,!field/*,!class/merging/*
#-ignorewarnings
-keepattributes SourceFile,LineNumberTable
-renamesourcefileattribute ProGuard

-keep public class com.google.ads.*
-keep public class * extends android.app.Activity
-keep public class * extends android.app.Application
-keep public class * extends android.app.Service
-keep public class * extends android.content.BroadcastReceiver
-keep public class * extends android.content.ContentProvider
-keep public class * extends android.app.backup.BackupAgentHelper
-keep public class * extends android.preference.Preference
-keep public class com.android.vending.licensing.ILicensingService

-keepclasseswithmembernames class * {
    native <methods>;
}

-keepclasseswithmembers class * {
    public <init>(android.content.Context, android.util.AttributeSet);
}

-keepclasseswithmembers class * {
    public <init>(android.content.Context, android.util.AttributeSet, int);
}

-keepclassmembers class * extends android.app.Activity {
   public void *(android.view.View);
}

-keepclassmembers enum * {
    public static **[] values();
    public static ** valueOf(java.lang.String);
}

-keep class * implements android.os.Parcelable {
  public static final android.os.Parcelable$Creator *;
}

-keepclassmembers class * {
    private static final int FILECHOOSER_RESULTCODE;
    public void openFileChooser(android.webkit.ValueCallback,java.lang.String);
    public void openFileChooser(android.webkit.ValueCallback);
    public void processHTML(java.lang.String);

    static final int TRANSACTION_onGetStatsCompleted;
    private static final java.lang.String DESCRIPTOR;
    public static android.content.pm.IPackageStatsObserver asInterface(android.os.IBinder);
    public java.lang.String getInterfaceDescriptor();
    public boolean onTransact(int, android.os.Parcel, android.os.Parcel, int);
    public void onGetStatsCompleted(android.content.pm.PackageStats, boolean);
}

-keep public interface android.content.pm.IPackageStatsObserver*

-keep class * implements android.content.pm.IPackageStatsObserver