eashHome/proguard/seeds.txt
simple.home.jtbuaa.sizedRelativeLayout
simple.home.jtbuaa.sizedRelativeLayout: sizedRelativeLayout(android.content.Context,android.util.AttributeSet)
simple.home.jtbuaa.FakeHome
simple.home.jtbuaa.About
simple.home.jtbuaa.SelectHome
simple.home.jtbuaa.simpleHome
...
android.support.v4.view.ViewPager$LayoutParams
android.support.v4.view.ViewPager$LayoutParams: ViewPager$LayoutParams(android.content.Context,android.util.AttributeSet)
android.support.v4.view.ViewPager
android.support.v4.view.ViewPager: ViewPager(android.content.Context,android.util.AttributeSet)
com.google.ads.AdView
com.google.ads.AdView: AdView(android.content.Context,android.util.AttributeSet)
android.support.v4.view.PagerTitleStrip
android.support.v4.view.PagerTitleStrip: PagerTitleStrip(android.content.Context,android.util.AttributeSet)
com.google.ads.AdView
com.google.ads.AdView: AdView(android.content.Context,android.util.AttributeSet,int)
com.google.ads.searchads.SearchAdRequest$BorderType: com.google.ads.searchads.SearchAdRequest$BorderType[] values()
com.google.ads.searchads.SearchAdRequest$BorderType: com.google.ads.searchads.SearchAdRequest$BorderType valueOf(java.lang.String)
com.google.ads.ab$b: com.google.ads.ab$b[] values()
com.google.ads.ab$b: com.google.ads.ab$b valueOf(java.lang.String)
android.support.v4.content.ModernAsyncTask$Status: android.support.v4.content.ModernAsyncTask$Status[] values()
android.support.v4.content.ModernAsyncTask$Status: android.support.v4.content.ModernAsyncTask$Status valueOf(java.lang.String)
com.google.ads.util.AdUtil$a: com.google.ads.util.AdUtil$a[] values()
com.google.ads.util.AdUtil$a: com.google.ads.util.AdUtil$a valueOf(java.lang.String)
com.google.ads.AdRequest$Gender: com.google.ads.AdRequest$Gender[] values()
com.google.ads.AdRequest$Gender: com.google.ads.AdRequest$Gender valueOf(java.lang.String)
com.google.ads.AdRequest$ErrorCode: com.google.ads.AdRequest$ErrorCode[] values()
com.google.ads.AdRequest$ErrorCode: com.google.ads.AdRequest$ErrorCode valueOf(java.lang.String)
easy.lib.SimpleBrowser$MyWebview$3: void openFileChooser(android.webkit.ValueCallback,java.lang.String)
easy.lib.SimpleBrowser$MyWebview$3: void openFileChooser(android.webkit.ValueCallback)
easy.lib.SimpleBrowser: int FILECHOOSER_RESULTCODE
easy.lib.SimpleBrowser$MyWebview$MyJavaScriptInterface: void processHTML(java.lang.String)
com.google.ads.AdActivity
easy.lib.SimpleBrowser
easy.lib.downloadControl
android.support.v4.app.FragmentActivity
easy.lib.MyApp
com.google.ads.util.AdUtil$UserActivityReceiver
com.google.ads.AdActivity: void onClick(android.view.View)
android.support.v4.app.FragmentState
android.support.v4.app.FragmentState: android.os.Parcelable$Creator CREATOR
android.support.v4.app.BackStackState
android.support.v4.app.BackStackState: android.os.Parcelable$Creator CREATOR
android.support.v4.app.Fragment$SavedState
android.support.v4.app.Fragment$SavedState: android.os.Parcelable$Creator CREATOR
android.support.v4.app.FragmentManagerState
android.support.v4.app.FragmentManagerState: android.os.Parcelable$Creator CREATOR
android.support.v4.view.ViewPager$SavedState
android.support.v4.view.ViewPager$SavedState: android.os.Parcelable$Creator CREATOR