eashHome/proguard/usage.txt
simple.home.jtbuaa.HanziToPinyin:
    private static final java.lang.String TAG
    private static final boolean DEBUG
    private static final java.lang.String FIRST_PINYIN_UNIHAN
    private static final java.lang.String LAST_PINYIN_UNIHAN
    private static final char FIRST_UNIHAN
    318:333:private static boolean doSelfValidation()
    408:458:public java.util.ArrayList get(java.lang.String)
    463:466:private void addToken(java.lang.StringBuilder,java.util.ArrayList,int)
simple.home.jtbuaa.HanziToPinyin$Token:
    public static final java.lang.String SEPARATOR
    public static final int LATIN
    public static final int PINYIN
    public static final int UNKNOWN
    264:268:public HanziToPinyin$Token(int,java.lang.String,java.lang.String)
simple.home.jtbuaa.R
simple.home.jtbuaa.R$attr
simple.home.jtbuaa.R$drawable
simple.home.jtbuaa.R$id
simple.home.jtbuaa.R$layout
simple.home.jtbuaa.R$string
simple.home.jtbuaa.R$style
simple.home.jtbuaa.R$styleable
simple.home.jtbuaa.simpleHome:
    android.widget.ListView sysAppList
    android.widget.ListView userAppList
    static final int UPDATE_RI_PHONE
    static final int UPDATE_RI_SMS
    static final int UPDATE_RI_CONTACT
    static final int UPDATE_USER
    static final int UPDATE_SPLASH
    static final int UPDATE_PACKAGE
    158:160:public static com.android.internal.telephony.ITelephony getITelephony(android.telephony.TelephonyManager)
...
android.support.v4.view.accessibility.AccessibilityManagerCompat$AccessibilityManagerIcsImpl$1
android.support.v4.view.accessibility.AccessibilityManagerCompat$AccessibilityManagerStubImpl
android.support.v4.view.accessibility.AccessibilityManagerCompat$AccessibilityManagerVersionImpl
android.support.v4.view.accessibility.AccessibilityManagerCompat$AccessibilityStateChangeListenerCompat
android.support.v4.view.accessibility.AccessibilityManagerCompatIcs
android.support.v4.view.accessibility.AccessibilityManagerCompatIcs$1
android.support.v4.view.accessibility.AccessibilityManagerCompatIcs$AccessibilityStateChangeListenerBridge
android.support.v4.view.accessibility.AccessibilityNodeInfoCompat
android.support.v4.view.accessibility.AccessibilityNodeInfoCompat$AccessibilityNodeInfoIcsImpl
android.support.v4.view.accessibility.AccessibilityNodeInfoCompat$AccessibilityNodeInfoImpl
android.support.v4.view.accessibility.AccessibilityNodeInfoCompat$AccessibilityNodeInfoStubImpl
android.support.v4.view.accessibility.AccessibilityNodeInfoCompatIcs
android.support.v4.view.accessibility.AccessibilityRecordCompat
android.support.v4.view.accessibility.AccessibilityRecordCompat$AccessibilityRecordIcsImpl
android.support.v4.view.accessibility.AccessibilityRecordCompat$AccessibilityRecordImpl
android.support.v4.view.accessibility.AccessibilityRecordCompat$AccessibilityRecordStubImpl
android.support.v4.view.accessibility.AccessibilityRecordCompatIcs
android.support.v4.widget.CursorAdapter
android.support.v4.widget.CursorAdapter$1
android.support.v4.widget.CursorAdapter$ChangeObserver
android.support.v4.widget.CursorAdapter$MyDataSetObserver
android.support.v4.widget.CursorFilter
android.support.v4.widget.CursorFilter$CursorFilterClient
android.support.v4.widget.EdgeEffectCompat:
    204:204:public boolean onAbsorb(int)
android.support.v4.widget.EdgeEffectCompat$BaseEdgeEffectImpl:
    82:82:public boolean onAbsorb(java.lang.Object,int)
android.support.v4.widget.EdgeEffectCompat$EdgeEffectIcsImpl:
    116:116:public boolean onAbsorb(java.lang.Object,int)
android.support.v4.widget.EdgeEffectCompat$EdgeEffectImpl:
    public abstract boolean onAbsorb(java.lang.Object,int)
android.support.v4.widget.EdgeEffectCompatIcs:
    57:58:public static boolean onAbsorb(java.lang.Object,int)
android.support.v4.widget.ResourceCursorAdapter
android.support.v4.widget.SearchViewCompat
android.support.v4.widget.SearchViewCompat$OnQueryTextListenerCompat
android.support.v4.widget.SearchViewCompat$SearchViewCompatHoneycombImpl
android.support.v4.widget.SearchViewCompat$SearchViewCompatHoneycombImpl$1
android.support.v4.widget.SearchViewCompat$SearchViewCompatImpl
android.support.v4.widget.SearchViewCompat$SearchViewCompatStubImpl
android.support.v4.widget.SearchViewCompatHoneycomb
android.support.v4.widget.SearchViewCompatHoneycomb$1
android.support.v4.widget.SearchViewCompatHoneycomb$OnQueryTextListenerCompatBridge
android.support.v4.widget.SimpleCursorAdapter
android.support.v4.widget.SimpleCursorAdapter$CursorToStringConverter
android.support.v4.widget.SimpleCursorAdapter$ViewBinder
com.android.internal.telephony.ITelephony
com.android.internal.telephony.ITelephony$Stub
com.android.internal.telephony.ITelephony$Stub$Proxy
com.google.ads.Ad:
    public abstract boolean isReady()
    public abstract void loadAd(com.google.ads.AdRequest)
    public abstract void setAdListener(com.google.ads.AdListener)
    public abstract void stopLoading()
com.google.ads.AdActivity:
    public static final java.lang.String BASE_URL_PARAM
    public static final java.lang.String HTML_PARAM
    public static final java.lang.String URL_PARAM
    public static final java.lang.String INTENT_ACTION_PARAM
    public static final java.lang.String TYPE_PARAM
    public static final java.lang.String ORIENTATION_PARAM